<?xml version="1.0" encoding="UTF-8"?>
<testsuite xmlns:xsi="http://www.w3.org/2001/XMLSchema-instance" xsi:noNamespaceSchemaLocation="https://maven.apache.org/surefire/maven-surefire-plugin/xsd/surefire-test-report.xsd" name="runners.RunCukesTest" time="198.104" tests="32" errors="0" skipped="0" failures="0">
  <properties>
[...]
</properties>
  <testcase name="Given I am on the homepage" classname="| Ash |" time="0.007"/>
  <testcase name="When I select brand category from the header" classname="| Ash |" time="0"/>
  <testcase name="Then I should see the list of brands" classname="| Ash |" time="0"/>
  <testcase name="And I select &quot;Ash&quot; brand from the list" classname="| Ash |" time="0"/>
  <testcase name="Then I should see the list of products from &quot;Ash&quot;" classname="| Ash |" time="0"/>
  <testcase name="| Ash |" classname="| Ash |" time="4.159"/>
  <testcase name="Given I am on the homepage" classname="| Barkers |" time="0.001"/>
  <testcase name="When I select brand category from the header" classname="| Barkers |" time="0"/>
  <testcase name="Then I should see the list of brands" classname="| Barkers |" time="0"/>
  <testcase name="And I select &quot;Barkers&quot; brand from the list" classname="| Barkers |" time="0"/>
  <testcase name="Then I should see the list of products from &quot;Barkers&quot;" classname="| Barkers |" time="0"/>
  <testcase name="| Barkers |" classname="| Barkers |" time="4.13"/>
  <testcase name="Given I am on the homepage" classname="| Aldo |" time="0"/>
  <testcase name="When I select brand category from the header" classname="| Aldo |" time="0"/>
  <testcase name="Then I should see the list of brands" classname="| Aldo |" time="0"/>
  <testcase name="And I select &quot;Aldo&quot; brand from the list" classname="| Aldo |" time="0"/>
  <testcase name="Then I should see the list of products from &quot;Aldo&quot;" classname="| Aldo |" time="0"/>
  <testcase name="| Aldo |" classname="| Aldo |" time="4.206"/>
  <testcase name="Given I am on the homepage" classname="| Champion |" time="0"/>
  <testcase name="When I select brand category from the header" classname="| Champion |" time="0"/>
  <testcase name="Then I should see the list of brands" classname="| Champion |" time="0"/>
  <testcase name="And I select &quot;Champion&quot; brand from the list" classname="| Champion |" time="0"/>
  <testcase name="Then I should see the list of products from &quot;Champion&quot;" classname="| Champion |" time="0"/>
  <testcase name="| Champion |" classname="| Champion |" time="4.174"/>
  <testcase name="Given I am on the homepage" classname="Scenario: Checking list of Products in Men&apos;s category" time="0"/>
  <testcase name="And I select men category from the header" classname="Scenario: Checking list of Products in Men&apos;s category" time="0"/>
  <testcase name="Then I should see the list of products" classname="Scenario: Checking list of Products in Men&apos;s category" time="0"/>
  <testcase name="When I hover over a main navigation item" classname="Scenario: Checking list of Products in Men&apos;s category" time="0"/>
  <testcase name="Then I should see an advert from Fred Hopper" classname="Scenario: Checking list of Products in Men&apos;s category" time="0"/>
  <testcase name="And I select a sub navigation link from the drop down" classname="Scenario: Checking list of Products in Men&apos;s category" time="0"/>
  <testcase name="Then I should see another list of products" classname="Scenario: Checking list of Products in Men&apos;s category" time="0"/>
  <testcase name="Scenario: Checking list of Products in Men&apos;s category" classname="Scenario: Checking list of Products in Men&apos;s category" time="4.147"/>
</testsuite>